<?xml version="1.0" encoding="UTF-8"?>
<!-- Generated by org.testng.reporters.JUnitReportReporter -->
<testsuite hostname="pavan-PC" name="example.Demo" tests="1" failures="0" timestamp="13 Jun 2017 10:30:48 GMT" time="0.001" errors="0">
  <testcase name="f" time="0.001" classname="example.Demo"/>
</testsuite> <!-- example.Demo -->
